<?xml version="1.0" encoding="UTF-8"?>
<!-- Generated by org.testng.reporters.JUnitXMLReporter -->
<testsuite ignored="0" hostname="thusitha" failures="0" tests="5" name="Tests" time="4.306" errors="0" timestamp="23 Apr 2021 20:44:59 GMT">
  <testcase classname="com.bank.account.simplebankaccountservice.controller.AccountControllerTest" name="balance" time="0.311"/>
  <testcase classname="com.bank.account.simplebankaccountservice.controller.AccountControllerTest" name="contextLoads" time="0.0"/>
  <testcase classname="com.bank.account.simplebankaccountservice.controller.AccountControllerTest" name="create" time="0.124"/>
  <testcase classname="com.bank.account.simplebankaccountservice.controller.AccountControllerTest" name="deposit" time="0.109"/>
  <testcase classname="com.bank.account.simplebankaccountservice.controller.AccountControllerTest" name="withdrawal" time="0.121"/>
</testsuite> <!-- Tests -->
